[zuribuech.webflow.io/index.html]
[backblue.gif]
[fade.gif]
[index.html]
[global-uploads.webflow.com/6284d9ca87255a31517f32ec/css/zuribuech.webflow.ac925c6d2.css]
[global-uploads.webflow.com/6284d9ca87255a31517f32ec/629b5f1a2d72ff3a943b3d02_Favicon.png]
[global-uploads.webflow.com/6284d9ca87255a31517f32ec/629b5f68ec16c9b54234b7b1_Webclip.png]
[global-uploads.webflow.com/6284d9ca87255a31517f32ec/628b48d5346aa877dc733d74_Logo_ZÜRIBUECH.svg]
[zuribuech.webflow.io/uber.html]
[zuribuech.webflow.io/orte.html]
[global-uploads.webflow.com/6284d9ca87255a31517f32ec/628b4fcc496cdab2bab13c97_List_grün.svg]
[global-uploads.webflow.com/6284d9ca87255a31517f32ec/6294cbc65953c861d3abdab3_Waid.jpg]
[global-uploads.webflow.com/6284d9ca87255a31517f32ec/6294cbccefbdbf156bcda66c_St_Peters_Kirche.jpg]
[zuribuech.webflow.io/sections/monte-diggelmann.html]
[global-uploads.webflow.com/6284d9ca87255a91697f32fb/629a0be4141519970045acb5_Bild_gross.jpg]
[global-uploads.webflow.com/6284d9ca87255a91697f32fb/629a0be7043987174459acf7_Bild_Klein.jpg]
[global-uploads.webflow.com/6284d9ca87255a91697f32fb/629a0bf8c330f79b2cf496bb_Bild_gross.jpg]
[global-uploads.webflow.com/6284d9ca87255a91697f32fb/629a0bfbdbafed3632db4536_Bild_Klein.jpg]
[global-uploads.webflow.com/6284d9ca87255a91697f32fb/629a0c0f187c2db8b711c607_Bild_gross.jpg]
[global-uploads.webflow.com/6284d9ca87255a91697f32fb/629a0c13043987342359ad5c_Bild_Klein.jpg]
[zuribuech.webflow.io/sections/polyterrasse.html]
[global-uploads.webflow.com/6284d9ca87255a91697f32fb/6299d5665cfb3e5fc149cc75_Bild_gross.jpg]
[global-uploads.webflow.com/6284d9ca87255a91697f32fb/6299d56c2faf2f490d4eebb4_Bild_Klein.jpg]
[zuribuech.webflow.io/sections/uetliberg.html]
[global-uploads.webflow.com/6284d9ca87255a91697f32fb/629a0c2dea253e2f2d1e51b0_Bild_gross.jpg]
[global-uploads.webflow.com/6284d9ca87255a91697f32fb/629a0c3269aae010167a9800_Bild_Klein.jpg]
[global-uploads.webflow.com/6284d9ca87255a91697f32fb/629a0c4164c6713ce7c1055f_Bild_gross.jpg]
[global-uploads.webflow.com/6284d9ca87255a91697f32fb/629a0c45f6007877df098e81_Bild_Klein_vorlage.jpg]
[global-uploads.webflow.com/6284d9ca87255a91697f32fb/629a0c5404a4435d81b22b6d_Bild_gross.jpg]
[global-uploads.webflow.com/6284d9ca87255a91697f32fb/629a0c58f0f07f13d716fbca_Bild_Klein.jpg]
[zuribuech.webflow.io/sections/karlsturm-grossmunster.html]
[global-uploads.webflow.com/6284d9ca87255a91697f32fb/629a0c67b920483ec503c069_Bild_gross.jpg]
[global-uploads.webflow.com/6284d9ca87255a91697f32fb/629a0c6bfa926ea5125bd524_Bild_Klein.jpg]
[global-uploads.webflow.com/6284d9ca87255a91697f32fb/6299d7cb181d593b4648698a_Bild_gross.jpg]
[global-uploads.webflow.com/6284d9ca87255a91697f32fb/6299d7cf7bd99724c89a77b1_Bild_Klein.jpg]
[zuribuech.webflow.io/sections/kaferberg.html]
[global-uploads.webflow.com/6284d9ca87255a91697f32fb/629a0c7fe98d5b68997fbc3c_Bild_gross.jpg]
[global-uploads.webflow.com/6284d9ca87255a91697f32fb/629a0c834f71e382f288d053_Bild_Klein.jpg]
[d3e54v103j8qbb.cloudfront.net/js/jquery-3.5.1.min.dc5e7f18c80ab6.js]
[global-uploads.webflow.com/6284d9ca87255a31517f32ec/js/webflow.00bc9a50c.js]
[cdnjs.cloudflare.com/ajax/libs/dragdealer/0.9.9/dragdealer.min.js]
[zuribuech.webflow.io/index.html]
[global-uploads.webflow.com/6284d9ca87255a31517f32ec/628784a8631ab028d30c9b1f_Bildschirmfoto 2022-05-20 um 14.07.01.png]
[global-uploads.webflow.com/6284d9ca87255a31517f32ec/6288e782136f61513c999d36_Polyterasse_2.png]
[uploads-ssl.webflow.com/6284d9ca87255a31517f32ec/6284d9ca87255a01777f3307_Nasir Udin - RestoraExtraLight.otf]
[uploads-ssl.webflow.com/6284d9ca87255a31517f32ec/6286a250031b5b78ace1f48c_Gambarino-Regular.otf]
[uploads-ssl.webflow.com/6284d9ca87255a31517f32ec/6288cb9366773e0f6b6940a9_Excon-Regular.otf]
[uploads-ssl.webflow.com/6284d9ca87255a31517f32ec/6288cb932cc6d540d42aba4a_Excon-Light.otf]
[uploads-ssl.webflow.com/6284d9ca87255a31517f32ec/6288cb935549af411696be5a_Excon-Medium.otf]
[global-uploads.webflow.com/6284d9ca87255a31517f32ec/css/zuribuech.webflow.ac925c6d2.css]
[www.w3.org/2000/svg.html]
[global-uploads.webflow.com/6284d9ca87255a31517f32ec/628b48d5346aa877dc733d74_Logo_ZÜRIBUECH.svg]
[global-uploads.webflow.com/6284d9ca87255a31517f32ec/6297c4e06cef926b136e0915_Zürich_1.png]
[global-uploads.webflow.com/6284d9ca87255a31517f32ec/6297c4a91bf65f394b815a01_Zürich_2.png]
[global-uploads.webflow.com/6284d9ca87255a31517f32ec/6299207a252a361954b0a711_Samira.png]
[global-uploads.webflow.com/6284d9ca87255a31517f32ec/629b49e3ec16c90945344580_Skyline_Gradient.png]
[global-uploads.webflow.com/6284d9ca87255a31517f32ec/628b48d5ee0ec63516ea5e9f_Logo_ZÜRIBUECH_weiss.svg]
[zuribuech.webflow.io/uber.html]
[zuribuech.webflow.io/orte.html]
[global-uploads.webflow.com/6284d9ca87255a31517f32ec/628b4fcc496cdab2bab13c97_List_grün.svg]
[global-uploads.webflow.com/6284d9ca87255a31517f32ec/628b4fcbc2b4ff10a2e9aeb8_Marker_weiss.svg]
[global-uploads.webflow.com/6284d9ca87255a31517f32ec/6288d68aa00622e7cf7206de_arrow.svg]
[global-uploads.webflow.com/6284d9ca87255a31517f32ec/629df6cefd773312e961458e_Img_Zoom.svg]
[global-uploads.webflow.com/6284d9ca87255a91697f32fb/629df4229f20ee6892da632b_Samira.png]
[global-uploads.webflow.com/6284d9ca87255a31517f32ec/6291dde43454658486c00619_Icon_Foto-upload.svg]
[zuribuech.webflow.io/dokumentation.html]
[zuribuech.webflow.io/impressum.html]
[zuribuech.webflow.io/agbs.html]
[zuribuech.webflow.io/sections/monte-diggelmann.html]
[global-uploads.webflow.com/6284d9ca87255a31517f32ec/6288d6dac8017382be26ca85_arrow.svg]
[global-uploads.webflow.com/6284d9ca87255a91697f32fb/629241efa28a6ca4e4405413__DSC1454_klein.jpg]
[global-uploads.webflow.com/6284d9ca87255a91697f32fb/6291eaa3e9025c251527b9de__DSC9102-2.jpg]
[global-uploads.webflow.com/6284d9ca87255a91697f32fb/6291eaa436f7afe249377273__DSC9064-2.jpg]
[global-uploads.webflow.com/6284d9ca87255a91697f32fb/6291ea9c466a22a2a09b4efc__DSC9110-2.jpg]
[zuribuech.webflow.io/sections/polyterrasse.html]
[zuribuech.webflow.io/sections/uetliberg.html]
[zuribuech.webflow.io/sections/karlsturm-grossmunster.html]
[global-uploads.webflow.com/6284d9ca87255a91697f32fb/629095de51d961b890b7688f_DSC05860.jpg]
[global-uploads.webflow.com/6284d9ca87255a91697f32fb/6288f47bef00fa20739b5984_DSC05863.jpg]
[global-uploads.webflow.com/6284d9ca87255a91697f32fb/6288f47b18a34789d0be2df7_DSC05865.jpg]
[global-uploads.webflow.com/6284d9ca87255a91697f32fb/6288f466136f6114509a0880_DSC05890.jpg]
[zuribuech.webflow.io/sections/kaferberg.html]
[d3e54v103j8qbb.cloudfront.net/static/custom-checkbox-checkmark.589d534424.svg]
[www.w3.org/2000/svg.html]
[global-uploads.webflow.com/6284d9ca87255a31517f32ec/62906ec34dd180b887d0b652_Marker_grün.svg]
[global-uploads.webflow.com/6284d9ca87255a31517f32ec/628b48d5ee0ec63516ea5e9f_Logo_ZÜRIBUECH_weiss.svg]
[global-uploads.webflow.com/6284d9ca87255a31517f32ec/628bdad03376738cd80e27be_List_weiss.svg]
[global-uploads.webflow.com/6284d9ca87255a31517f32ec/629df6cefd773312e961458e_Img_Zoom.svg]
[global-uploads.webflow.com/6284d9ca87255a31517f32ec/6291dde43454658486c00619_Icon_Foto-upload.svg]
[zuribuech.webflow.io/dokumentation.html]
[zuribuech.webflow.io/impressum.html]
[zuribuech.webflow.io/agbs.html]
[webflow.com/api/sites/zuribuech/formUploads/387c3cf7-3428-4376-a97b-e2982393d414.json]
[webflow.com/api/sites/zuribuech/formUploads/db0416fe-658a-414f-ab25-821b81e6c97d.json]
[webflow.com/api/sites/zuribuech/formUploads/1bc43f92-8614-4b14-be44-d8d62c5321ad.json]
[webflow.com/api/sites/zuribuech/formUploads/4619d10c-f043-40ef-a143-33b883b006b8.json]
[webflow.com/api/sites/zuribuech/formUploads/f6aa8591-9d6c-4b67-bd2b-b9d24543acdf.json]
[webflow.com/api/sites/zuribuech/formUploads/c59c13a5-4297-4e2d-877b-971dc5878440.json]
[zuribuech.webflow.io/sections/weiningen]
[zuribuech.webflow.io/sections/kloster-fahr]
[zuribuech.webflow.io/sections/rigiblick]
[zuribuech.webflow.io/sections/freitag-tower]
[zuribuech.webflow.io/sections/lindenhof]
